2025-06-20 23:10:14 [[31merror[39m]: C:\Users\User\Desktop\Work\Eurasian Medical Journal\server\routes\admin.js:67
                adminId: admin.id,
                                  

SyntaxError: Unexpected end of input
    at wrapSafe (node:internal/modules/cjs/loader:1281:20)
    at Module._compile (node:internal/modules/cjs/loader:1321:27)
    at Module._extensions..js (node:internal/modules/cjs/loader:1416:10)
    at Module.load (node:internal/modules/cjs/loader:1208:32)
    at Module._load (node:internal/modules/cjs/loader:1024:12)
    at Module.require (node:internal/modules/cjs/loader:1233:19)
    at require (node:internal/modules/helpers:179:18)
    at Object.<anonymous> (C:\Users\User\Desktop\Work\Eurasian Medical Journal\server\index.js:88:21)
    at Module._compile (node:internal/modules/cjs/loader:1358:14)
    at Module._extensions..js (node:internal/modules/cjs/loader:1416:10)
2025-06-21 17:46:25 [[31merror[39m]: C:\Users\User\Desktop\Work\Eurasian Medical Journal\server\routes\admin.js:27
const bcrypt = require('bcrypt');
      ^

SyntaxError: Identifier 'bcrypt' has already been declared
    at wrapSafe (node:internal/modules/cjs/loader:1281:20)
    at Module._compile (node:internal/modules/cjs/loader:1321:27)
    at Module._extensions..js (node:internal/modules/cjs/loader:1416:10)
    at Module.load (node:internal/modules/cjs/loader:1208:32)
    at Module._load (node:internal/modules/cjs/loader:1024:12)
    at Module.require (node:internal/modules/cjs/loader:1233:19)
    at require (node:internal/modules/helpers:179:18)
    at Object.<anonymous> (C:\Users\User\Desktop\Work\Eurasian Medical Journal\server\index.js:88:21)
    at Module._compile (node:internal/modules/cjs/loader:1358:14)
    at Module._extensions..js (node:internal/modules/cjs/loader:1416:10)
2025-06-21 17:48:45 [[31merror[39m]: C:\Users\User\Desktop\Work\Eurasian Medical Journal\server\routes\admin.js:27
const bcrypt = require('bcrypt');
      ^

SyntaxError: Identifier 'bcrypt' has already been declared
    at wrapSafe (node:internal/modules/cjs/loader:1281:20)
    at Module._compile (node:internal/modules/cjs/loader:1321:27)
    at Module._extensions..js (node:internal/modules/cjs/loader:1416:10)
    at Module.load (node:internal/modules/cjs/loader:1208:32)
    at Module._load (node:internal/modules/cjs/loader:1024:12)
    at Module.require (node:internal/modules/cjs/loader:1233:19)
    at require (node:internal/modules/helpers:179:18)
    at Object.<anonymous> (C:\Users\User\Desktop\Work\Eurasian Medical Journal\server\index.js:88:21)
    at Module._compile (node:internal/modules/cjs/loader:1358:14)
    at Module._extensions..js (node:internal/modules/cjs/loader:1416:10)
2025-06-21 17:49:05 [[31merror[39m]: C:\Users\User\Desktop\Work\Eurasian Medical Journal\server\routes\admin.js:27
const bcrypt = require('bcrypt');
      ^

SyntaxError: Identifier 'bcrypt' has already been declared
    at wrapSafe (node:internal/modules/cjs/loader:1281:20)
    at Module._compile (node:internal/modules/cjs/loader:1321:27)
    at Module._extensions..js (node:internal/modules/cjs/loader:1416:10)
    at Module.load (node:internal/modules/cjs/loader:1208:32)
    at Module._load (node:internal/modules/cjs/loader:1024:12)
    at Module.require (node:internal/modules/cjs/loader:1233:19)
    at require (node:internal/modules/helpers:179:18)
    at Object.<anonymous> (C:\Users\User\Desktop\Work\Eurasian Medical Journal\server\index.js:88:21)
    at Module._compile (node:internal/modules/cjs/loader:1358:14)
    at Module._extensions..js (node:internal/modules/cjs/loader:1416:10)
2025-06-21 17:49:31 [[31merror[39m]: C:\Users\User\Desktop\Work\Eurasian Medical Journal\server\routes\admin.js:27
const bcrypt = require('bcrypt');
      ^

SyntaxError: Identifier 'bcrypt' has already been declared
    at wrapSafe (node:internal/modules/cjs/loader:1281:20)
    at Module._compile (node:internal/modules/cjs/loader:1321:27)
    at Module._extensions..js (node:internal/modules/cjs/loader:1416:10)
    at Module.load (node:internal/modules/cjs/loader:1208:32)
    at Module._load (node:internal/modules/cjs/loader:1024:12)
    at Module.require (node:internal/modules/cjs/loader:1233:19)
    at require (node:internal/modules/helpers:179:18)
    at Object.<anonymous> (C:\Users\User\Desktop\Work\Eurasian Medical Journal\server\index.js:88:21)
    at Module._compile (node:internal/modules/cjs/loader:1358:14)
    at Module._extensions..js (node:internal/modules/cjs/loader:1416:10)
2025-06-21 17:50:03 [[31merror[39m]: C:\Users\User\Desktop\Work\Eurasian Medical Journal\server\routes\admin.js:27
const bcrypt = require('bcryptjs');
      ^

SyntaxError: Identifier 'bcrypt' has already been declared
    at wrapSafe (node:internal/modules/cjs/loader:1281:20)
    at Module._compile (node:internal/modules/cjs/loader:1321:27)
    at Module._extensions..js (node:internal/modules/cjs/loader:1416:10)
    at Module.load (node:internal/modules/cjs/loader:1208:32)
    at Module._load (node:internal/modules/cjs/loader:1024:12)
    at Module.require (node:internal/modules/cjs/loader:1233:19)
    at require (node:internal/modules/helpers:179:18)
    at Object.<anonymous> (C:\Users\User\Desktop\Work\Eurasian Medical Journal\server\index.js:88:21)
    at Module._compile (node:internal/modules/cjs/loader:1358:14)
    at Module._extensions..js (node:internal/modules/cjs/loader:1416:10)
2025-06-21 17:52:24 [[31merror[39m]: C:\Users\User\Desktop\Work\Eurasian Medical Journal\server\routes\admin.js:27
const bcrypt = require('bcryptjs');
      ^

SyntaxError: Identifier 'bcrypt' has already been declared
    at wrapSafe (node:internal/modules/cjs/loader:1281:20)
    at Module._compile (node:internal/modules/cjs/loader:1321:27)
    at Module._extensions..js (node:internal/modules/cjs/loader:1416:10)
    at Module.load (node:internal/modules/cjs/loader:1208:32)
    at Module._load (node:internal/modules/cjs/loader:1024:12)
    at Module.require (node:internal/modules/cjs/loader:1233:19)
    at require (node:internal/modules/helpers:179:18)
    at Object.<anonymous> (C:\Users\User\Desktop\Work\Eurasian Medical Journal\server\index.js:88:21)
    at Module._compile (node:internal/modules/cjs/loader:1358:14)
    at Module._extensions..js (node:internal/modules/cjs/loader:1416:10)
2025-06-21 17:53:01 [[31merror[39m]: C:\Users\User\Desktop\Work\Eurasian Medical Journal\server\routes\admin.js:27
const bcrypt = require('bcryptjs');
      ^

SyntaxError: Identifier 'bcrypt' has already been declared
    at wrapSafe (node:internal/modules/cjs/loader:1281:20)
    at Module._compile (node:internal/modules/cjs/loader:1321:27)
    at Module._extensions..js (node:internal/modules/cjs/loader:1416:10)
    at Module.load (node:internal/modules/cjs/loader:1208:32)
    at Module._load (node:internal/modules/cjs/loader:1024:12)
    at Module.require (node:internal/modules/cjs/loader:1233:19)
    at require (node:internal/modules/helpers:179:18)
    at Object.<anonymous> (C:\Users\User\Desktop\Work\Eurasian Medical Journal\server\index.js:88:21)
    at Module._compile (node:internal/modules/cjs/loader:1358:14)
    at Module._extensions..js (node:internal/modules/cjs/loader:1416:10)
2025-06-21 17:53:12 [[31merror[39m]: C:\Users\User\Desktop\Work\Eurasian Medical Journal\server\routes\admin.js:27
const bcrypt = require('bcryptjs');
      ^

SyntaxError: Identifier 'bcrypt' has already been declared
    at wrapSafe (node:internal/modules/cjs/loader:1281:20)
    at Module._compile (node:internal/modules/cjs/loader:1321:27)
    at Module._extensions..js (node:internal/modules/cjs/loader:1416:10)
    at Module.load (node:internal/modules/cjs/loader:1208:32)
    at Module._load (node:internal/modules/cjs/loader:1024:12)
    at Module.require (node:internal/modules/cjs/loader:1233:19)
    at require (node:internal/modules/helpers:179:18)
    at Object.<anonymous> (C:\Users\User\Desktop\Work\Eurasian Medical Journal\server\index.js:88:21)
    at Module._compile (node:internal/modules/cjs/loader:1358:14)
    at Module._extensions..js (node:internal/modules/cjs/loader:1416:10)
2025-06-21 17:53:48 [[31merror[39m]: C:\Users\User\Desktop\Work\Eurasian Medical Journal\server\routes\admin.js:27
const bcrypt = require('bcryptjs');
      ^

SyntaxError: Identifier 'bcrypt' has already been declared
    at wrapSafe (node:internal/modules/cjs/loader:1281:20)
    at Module._compile (node:internal/modules/cjs/loader:1321:27)
    at Module._extensions..js (node:internal/modules/cjs/loader:1416:10)
    at Module.load (node:internal/modules/cjs/loader:1208:32)
    at Module._load (node:internal/modules/cjs/loader:1024:12)
    at Module.require (node:internal/modules/cjs/loader:1233:19)
    at require (node:internal/modules/helpers:179:18)
    at Object.<anonymous> (C:\Users\User\Desktop\Work\Eurasian Medical Journal\server\index.js:88:21)
    at Module._compile (node:internal/modules/cjs/loader:1358:14)
    at Module._extensions..js (node:internal/modules/cjs/loader:1416:10)
2025-06-21 17:55:05 [[31merror[39m]: C:\Users\User\Desktop\Work\Eurasian Medical Journal\server\routes\admin.js:27
const bcrypt = require('bcryptjs');
      ^

SyntaxError: Identifier 'bcrypt' has already been declared
    at wrapSafe (node:internal/modules/cjs/loader:1281:20)
    at Module._compile (node:internal/modules/cjs/loader:1321:27)
    at Module._extensions..js (node:internal/modules/cjs/loader:1416:10)
    at Module.load (node:internal/modules/cjs/loader:1208:32)
    at Module._load (node:internal/modules/cjs/loader:1024:12)
    at Module.require (node:internal/modules/cjs/loader:1233:19)
    at require (node:internal/modules/helpers:179:18)
    at Object.<anonymous> (C:\Users\User\Desktop\Work\Eurasian Medical Journal\server\index.js:88:21)
    at Module._compile (node:internal/modules/cjs/loader:1358:14)
    at Module._extensions..js (node:internal/modules/cjs/loader:1416:10)
2025-06-21 17:56:44 [[31merror[39m]: Error: @prisma/client did not initialize yet. Please run "prisma generate" and try to import it again.
    at new PrismaClient (C:\Users\User\Desktop\Work\Eurasian Medical Journal\server\node_modules\.prisma\client\default.js:43:11)
    at Object.<anonymous> (C:\Users\User\Desktop\Work\Eurasian Medical Journal\server\index.js:12:16)
    at Module._compile (node:internal/modules/cjs/loader:1358:14)
    at Module._extensions..js (node:internal/modules/cjs/loader:1416:10)
    at Module.load (node:internal/modules/cjs/loader:1208:32)
    at Module._load (node:internal/modules/cjs/loader:1024:12)
    at Function.executeUserEntryPoint [as runMain] (node:internal/modules/run_main:174:12)
    at node:internal/main/run_main_module:28:49
2025-06-21 17:59:16 [[31merror[39m]: Error: @prisma/client did not initialize yet. Please run "prisma generate" and try to import it again.
    at new PrismaClient (C:\Users\User\Desktop\Work\Eurasian Medical Journal\server\node_modules\.prisma\client\default.js:43:11)
    at Object.<anonymous> (C:\Users\User\Desktop\Work\Eurasian Medical Journal\server\index.js:12:16)
    at Module._compile (node:internal/modules/cjs/loader:1358:14)
    at Module._extensions..js (node:internal/modules/cjs/loader:1416:10)
    at Module.load (node:internal/modules/cjs/loader:1208:32)
    at Module._load (node:internal/modules/cjs/loader:1024:12)
    at Function.executeUserEntryPoint [as runMain] (node:internal/modules/run_main:174:12)
    at node:internal/main/run_main_module:28:49
2025-06-21 18:02:36 [[31merror[39m]: Error: @prisma/client did not initialize yet. Please run "prisma generate" and try to import it again.
    at new PrismaClient (C:\Users\User\Desktop\Work\Eurasian Medical Journal\server\node_modules\.prisma\client\default.js:43:11)
    at Object.<anonymous> (C:\Users\User\Desktop\Work\Eurasian Medical Journal\server\index.js:12:16)
    at Module._compile (node:internal/modules/cjs/loader:1358:14)
    at Module._extensions..js (node:internal/modules/cjs/loader:1416:10)
    at Module.load (node:internal/modules/cjs/loader:1208:32)
    at Module._load (node:internal/modules/cjs/loader:1024:12)
    at Function.executeUserEntryPoint [as runMain] (node:internal/modules/run_main:174:12)
    at node:internal/main/run_main_module:28:49
2025-06-21 18:02:36 [[31merror[39m]: Error: @prisma/client did not initialize yet. Please run "prisma generate" and try to import it again.
    at new PrismaClient (C:\Users\User\Desktop\Work\Eurasian Medical Journal\server\node_modules\.prisma\client\default.js:43:11)
    at Object.<anonymous> (C:\Users\User\Desktop\Work\Eurasian Medical Journal\server\index.js:12:16)
    at Module._compile (node:internal/modules/cjs/loader:1358:14)
    at Module._extensions..js (node:internal/modules/cjs/loader:1416:10)
    at Module.load (node:internal/modules/cjs/loader:1208:32)
    at Module._load (node:internal/modules/cjs/loader:1024:12)
    at Function.executeUserEntryPoint [as runMain] (node:internal/modules/run_main:174:12)
    at node:internal/main/run_main_module:28:49
2025-06-21 18:02:42 [[31merror[39m]: Error: @prisma/client did not initialize yet. Please run "prisma generate" and try to import it again.
    at new PrismaClient (C:\Users\User\Desktop\Work\Eurasian Medical Journal\server\node_modules\.prisma\client\default.js:43:11)
    at Object.<anonymous> (C:\Users\User\Desktop\Work\Eurasian Medical Journal\server\index.js:12:16)
    at Module._compile (node:internal/modules/cjs/loader:1358:14)
    at Module._extensions..js (node:internal/modules/cjs/loader:1416:10)
    at Module.load (node:internal/modules/cjs/loader:1208:32)
    at Module._load (node:internal/modules/cjs/loader:1024:12)
    at Function.executeUserEntryPoint [as runMain] (node:internal/modules/run_main:174:12)
    at node:internal/main/run_main_module:28:49
2025-06-21 18:03:05 [[31merror[39m]: Error: @prisma/client did not initialize yet. Please run "prisma generate" and try to import it again.
    at new PrismaClient (C:\Users\User\Desktop\Work\Eurasian Medical Journal\server\node_modules\.prisma\client\default.js:43:11)
    at Object.<anonymous> (C:\Users\User\Desktop\Work\Eurasian Medical Journal\server\index.js:12:16)
    at Module._compile (node:internal/modules/cjs/loader:1358:14)
    at Module._extensions..js (node:internal/modules/cjs/loader:1416:10)
    at Module.load (node:internal/modules/cjs/loader:1208:32)
    at Module._load (node:internal/modules/cjs/loader:1024:12)
    at Function.executeUserEntryPoint [as runMain] (node:internal/modules/run_main:174:12)
    at node:internal/main/run_main_module:28:49
2025-06-21 18:03:49 [[31merror[39m]: Error: @prisma/client did not initialize yet. Please run "prisma generate" and try to import it again.
    at new PrismaClient (C:\Users\User\Desktop\Work\Eurasian Medical Journal\server\node_modules\.prisma\client\default.js:43:11)
    at Object.<anonymous> (C:\Users\User\Desktop\Work\Eurasian Medical Journal\server\index.js:12:16)
    at Module._compile (node:internal/modules/cjs/loader:1358:14)
    at Module._extensions..js (node:internal/modules/cjs/loader:1416:10)
    at Module.load (node:internal/modules/cjs/loader:1208:32)
    at Module._load (node:internal/modules/cjs/loader:1024:12)
    at Function.executeUserEntryPoint [as runMain] (node:internal/modules/run_main:174:12)
    at node:internal/main/run_main_module:28:49
2025-06-21 18:06:35 [[31merror[39m]: Error: @prisma/client did not initialize yet. Please run "prisma generate" and try to import it again.
    at new PrismaClient (C:\Users\User\Desktop\Work\Eurasian Medical Journal\server\node_modules\.prisma\client\default.js:43:11)
    at Object.<anonymous> (C:\Users\User\Desktop\Work\Eurasian Medical Journal\server\index.js:12:16)
    at Module._compile (node:internal/modules/cjs/loader:1358:14)
    at Module._extensions..js (node:internal/modules/cjs/loader:1416:10)
    at Module.load (node:internal/modules/cjs/loader:1208:32)
    at Module._load (node:internal/modules/cjs/loader:1024:12)
    at Function.executeUserEntryPoint [as runMain] (node:internal/modules/run_main:174:12)
    at node:internal/main/run_main_module:28:49
2025-06-21 18:06:52 [[31merror[39m]: Error: @prisma/client did not initialize yet. Please run "prisma generate" and try to import it again.
    at new PrismaClient (C:\Users\User\Desktop\Work\Eurasian Medical Journal\server\node_modules\.prisma\client\default.js:43:11)
    at Object.<anonymous> (C:\Users\User\Desktop\Work\Eurasian Medical Journal\server\index.js:12:16)
    at Module._compile (node:internal/modules/cjs/loader:1358:14)
    at Module._extensions..js (node:internal/modules/cjs/loader:1416:10)
    at Module.load (node:internal/modules/cjs/loader:1208:32)
    at Module._load (node:internal/modules/cjs/loader:1024:12)
    at Function.executeUserEntryPoint [as runMain] (node:internal/modules/run_main:174:12)
    at node:internal/main/run_main_module:28:49
2025-06-21 18:07:50 [[31merror[39m]: Error: @prisma/client did not initialize yet. Please run "prisma generate" and try to import it again.
    at new PrismaClient (C:\Users\User\Desktop\Work\Eurasian Medical Journal\server\node_modules\.prisma\client\default.js:43:11)
    at Object.<anonymous> (C:\Users\User\Desktop\Work\Eurasian Medical Journal\server\index.js:12:16)
    at Module._compile (node:internal/modules/cjs/loader:1358:14)
    at Module._extensions..js (node:internal/modules/cjs/loader:1416:10)
    at Module.load (node:internal/modules/cjs/loader:1208:32)
    at Module._load (node:internal/modules/cjs/loader:1024:12)
    at Function.executeUserEntryPoint [as runMain] (node:internal/modules/run_main:174:12)
    at node:internal/main/run_main_module:28:49
2025-06-21 18:09:41 [[31merror[39m]: Error: @prisma/client did not initialize yet. Please run "prisma generate" and try to import it again.
    at new PrismaClient (C:\Users\User\Desktop\Work\Eurasian Medical Journal\server\node_modules\.prisma\client\default.js:43:11)
    at Object.<anonymous> (C:\Users\User\Desktop\Work\Eurasian Medical Journal\server\index.js:12:16)
    at Module._compile (node:internal/modules/cjs/loader:1358:14)
    at Module._extensions..js (node:internal/modules/cjs/loader:1416:10)
    at Module.load (node:internal/modules/cjs/loader:1208:32)
    at Module._load (node:internal/modules/cjs/loader:1024:12)
    at Function.executeUserEntryPoint [as runMain] (node:internal/modules/run_main:174:12)
    at node:internal/main/run_main_module:28:49
2025-06-21 18:11:33 [[31merror[39m]: Error: @prisma/client did not initialize yet. Please run "prisma generate" and try to import it again.
    at new PrismaClient (C:\Users\User\Desktop\Work\Eurasian Medical Journal\server\node_modules\.prisma\client\default.js:43:11)
    at Object.<anonymous> (C:\Users\User\Desktop\Work\Eurasian Medical Journal\server\index.js:12:16)
    at Module._compile (node:internal/modules/cjs/loader:1358:14)
    at Module._extensions..js (node:internal/modules/cjs/loader:1416:10)
    at Module.load (node:internal/modules/cjs/loader:1208:32)
    at Module._load (node:internal/modules/cjs/loader:1024:12)
    at Function.executeUserEntryPoint [as runMain] (node:internal/modules/run_main:174:12)
    at node:internal/main/run_main_module:28:49
2025-06-21 18:17:33 [[31merror[39m]: C:\Users\User\Desktop\Work\Eurasian Medical Journal\server\routes\admin.js:27
const bcrypt = require('bcryptjs');
      ^

SyntaxError: Identifier 'bcrypt' has already been declared
    at wrapSafe (node:internal/modules/cjs/loader:1281:20)
    at Module._compile (node:internal/modules/cjs/loader:1321:27)
    at Module._extensions..js (node:internal/modules/cjs/loader:1416:10)
    at Module.load (node:internal/modules/cjs/loader:1208:32)
    at Module._load (node:internal/modules/cjs/loader:1024:12)
    at Module.require (node:internal/modules/cjs/loader:1233:19)
    at require (node:internal/modules/helpers:179:18)
    at Object.<anonymous> (C:\Users\User\Desktop\Work\Eurasian Medical Journal\server\index.js:88:21)
    at Module._compile (node:internal/modules/cjs/loader:1358:14)
    at Module._extensions..js (node:internal/modules/cjs/loader:1416:10)
2025-06-21 18:17:46 [[31merror[39m]: C:\Users\User\Desktop\Work\Eurasian Medical Journal\server\routes\admin.js:27
const bcrypt = require('bcryptjs');
      ^

SyntaxError: Identifier 'bcrypt' has already been declared
    at wrapSafe (node:internal/modules/cjs/loader:1281:20)
    at Module._compile (node:internal/modules/cjs/loader:1321:27)
    at Module._extensions..js (node:internal/modules/cjs/loader:1416:10)
    at Module.load (node:internal/modules/cjs/loader:1208:32)
    at Module._load (node:internal/modules/cjs/loader:1024:12)
    at Module.require (node:internal/modules/cjs/loader:1233:19)
    at require (node:internal/modules/helpers:179:18)
    at Object.<anonymous> (C:\Users\User\Desktop\Work\Eurasian Medical Journal\server\index.js:88:21)
    at Module._compile (node:internal/modules/cjs/loader:1358:14)
    at Module._extensions..js (node:internal/modules/cjs/loader:1416:10)
2025-06-21 18:17:58 [[31merror[39m]: C:\Users\User\Desktop\Work\Eurasian Medical Journal\server\routes\admin.js:27
const bcrypt = require('bcryptjs');
      ^

SyntaxError: Identifier 'bcrypt' has already been declared
    at wrapSafe (node:internal/modules/cjs/loader:1281:20)
    at Module._compile (node:internal/modules/cjs/loader:1321:27)
    at Module._extensions..js (node:internal/modules/cjs/loader:1416:10)
    at Module.load (node:internal/modules/cjs/loader:1208:32)
    at Module._load (node:internal/modules/cjs/loader:1024:12)
    at Module.require (node:internal/modules/cjs/loader:1233:19)
    at require (node:internal/modules/helpers:179:18)
    at Object.<anonymous> (C:\Users\User\Desktop\Work\Eurasian Medical Journal\server\index.js:88:21)
    at Module._compile (node:internal/modules/cjs/loader:1358:14)
    at Module._extensions..js (node:internal/modules/cjs/loader:1416:10)
2025-06-21 18:18:39 [[31merror[39m]: C:\Users\User\Desktop\Work\Eurasian Medical Journal\server\routes\admin.js:27
const bcrypt = require('bcryptjs');
      ^

SyntaxError: Identifier 'bcrypt' has already been declared
    at wrapSafe (node:internal/modules/cjs/loader:1281:20)
    at Module._compile (node:internal/modules/cjs/loader:1321:27)
    at Module._extensions..js (node:internal/modules/cjs/loader:1416:10)
    at Module.load (node:internal/modules/cjs/loader:1208:32)
    at Module._load (node:internal/modules/cjs/loader:1024:12)
    at Module.require (node:internal/modules/cjs/loader:1233:19)
    at require (node:internal/modules/helpers:179:18)
    at Object.<anonymous> (C:\Users\User\Desktop\Work\Eurasian Medical Journal\server\index.js:88:21)
    at Module._compile (node:internal/modules/cjs/loader:1358:14)
    at Module._extensions..js (node:internal/modules/cjs/loader:1416:10)
2025-06-21 18:20:48 [[31merror[39m]: C:\Users\User\Desktop\Work\Eurasian Medical Journal\server\routes\admin.js:27
const bcrypt = require('bcryptjs');
      ^

SyntaxError: Identifier 'bcrypt' has already been declared
    at wrapSafe (node:internal/modules/cjs/loader:1281:20)
    at Module._compile (node:internal/modules/cjs/loader:1321:27)
    at Module._extensions..js (node:internal/modules/cjs/loader:1416:10)
    at Module.load (node:internal/modules/cjs/loader:1208:32)
    at Module._load (node:internal/modules/cjs/loader:1024:12)
    at Module.require (node:internal/modules/cjs/loader:1233:19)
    at require (node:internal/modules/helpers:179:18)
    at Object.<anonymous> (C:\Users\User\Desktop\Work\Eurasian Medical Journal\server\index.js:88:21)
    at Module._compile (node:internal/modules/cjs/loader:1358:14)
    at Module._extensions..js (node:internal/modules/cjs/loader:1416:10)
2025-06-21 18:21:06 [[31merror[39m]: C:\Users\User\Desktop\Work\Eurasian Medical Journal\server\routes\admin.js:27
const bcrypt = require('bcryptjs');
      ^

SyntaxError: Identifier 'bcrypt' has already been declared
    at wrapSafe (node:internal/modules/cjs/loader:1281:20)
    at Module._compile (node:internal/modules/cjs/loader:1321:27)
    at Module._extensions..js (node:internal/modules/cjs/loader:1416:10)
    at Module.load (node:internal/modules/cjs/loader:1208:32)
    at Module._load (node:internal/modules/cjs/loader:1024:12)
    at Module.require (node:internal/modules/cjs/loader:1233:19)
    at require (node:internal/modules/helpers:179:18)
    at Object.<anonymous> (C:\Users\User\Desktop\Work\Eurasian Medical Journal\server\index.js:88:21)
    at Module._compile (node:internal/modules/cjs/loader:1358:14)
    at Module._extensions..js (node:internal/modules/cjs/loader:1416:10)
2025-06-21 18:30:14 [[31merror[39m]: ReferenceError: req is not defined
    at Object.<anonymous> (C:\Users\User\Desktop\Work\Eurasian Medical Journal\server\utils\errorHandler.js:45:1)
    at Module._compile (node:internal/modules/cjs/loader:1358:14)
    at Module._extensions..js (node:internal/modules/cjs/loader:1416:10)
    at Module.load (node:internal/modules/cjs/loader:1208:32)
    at Module._load (node:internal/modules/cjs/loader:1024:12)
    at Module.require (node:internal/modules/cjs/loader:1233:19)
    at require (node:internal/modules/helpers:179:18)
    at Object.<anonymous> (C:\Users\User\Desktop\Work\Eurasian Medical Journal\server\index.js:9:53)
    at Module._compile (node:internal/modules/cjs/loader:1358:14)
    at Module._extensions..js (node:internal/modules/cjs/loader:1416:10)
2025-06-21 18:36:22 [[31merror[39m]: ReferenceError: req is not defined
    at Object.<anonymous> (C:\Users\User\Desktop\Work\Eurasian Medical Journal\server\utils\errorHandler.js:45:1)
    at Module._compile (node:internal/modules/cjs/loader:1358:14)
    at Module._extensions..js (node:internal/modules/cjs/loader:1416:10)
    at Module.load (node:internal/modules/cjs/loader:1208:32)
    at Module._load (node:internal/modules/cjs/loader:1024:12)
    at Module.require (node:internal/modules/cjs/loader:1233:19)
    at require (node:internal/modules/helpers:179:18)
    at Object.<anonymous> (C:\Users\User\Desktop\Work\Eurasian Medical Journal\server\index.js:9:53)
    at Module._compile (node:internal/modules/cjs/loader:1358:14)
    at Module._extensions..js (node:internal/modules/cjs/loader:1416:10)
2025-06-21 18:36:38 [[31merror[39m]: ReferenceError: req is not defined
    at Object.<anonymous> (C:\Users\User\Desktop\Work\Eurasian Medical Journal\server\utils\errorHandler.js:45:1)
    at Module._compile (node:internal/modules/cjs/loader:1358:14)
    at Module._extensions..js (node:internal/modules/cjs/loader:1416:10)
    at Module.load (node:internal/modules/cjs/loader:1208:32)
    at Module._load (node:internal/modules/cjs/loader:1024:12)
    at Module.require (node:internal/modules/cjs/loader:1233:19)
    at require (node:internal/modules/helpers:179:18)
    at Object.<anonymous> (C:\Users\User\Desktop\Work\Eurasian Medical Journal\server\index.js:9:53)
    at Module._compile (node:internal/modules/cjs/loader:1358:14)
    at Module._extensions..js (node:internal/modules/cjs/loader:1416:10)
2025-06-21 18:36:42 [[31merror[39m]: ReferenceError: req is not defined
    at Object.<anonymous> (C:\Users\User\Desktop\Work\Eurasian Medical Journal\server\utils\errorHandler.js:45:1)
    at Module._compile (node:internal/modules/cjs/loader:1358:14)
    at Module._extensions..js (node:internal/modules/cjs/loader:1416:10)
    at Module.load (node:internal/modules/cjs/loader:1208:32)
    at Module._load (node:internal/modules/cjs/loader:1024:12)
    at Module.require (node:internal/modules/cjs/loader:1233:19)
    at require (node:internal/modules/helpers:179:18)
    at Object.<anonymous> (C:\Users\User\Desktop\Work\Eurasian Medical Journal\server\index.js:9:53)
    at Module._compile (node:internal/modules/cjs/loader:1358:14)
    at Module._extensions..js (node:internal/modules/cjs/loader:1416:10)
2025-06-21 18:37:25 [[31merror[39m]: ReferenceError: req is not defined
    at Object.<anonymous> (C:\Users\User\Desktop\Work\Eurasian Medical Journal\server\utils\errorHandler.js:45:1)
    at Module._compile (node:internal/modules/cjs/loader:1358:14)
    at Module._extensions..js (node:internal/modules/cjs/loader:1416:10)
    at Module.load (node:internal/modules/cjs/loader:1208:32)
    at Module._load (node:internal/modules/cjs/loader:1024:12)
    at Module.require (node:internal/modules/cjs/loader:1233:19)
    at require (node:internal/modules/helpers:179:18)
    at Object.<anonymous> (C:\Users\User\Desktop\Work\Eurasian Medical Journal\server\index.js:9:53)
    at Module._compile (node:internal/modules/cjs/loader:1358:14)
    at Module._extensions..js (node:internal/modules/cjs/loader:1416:10)
2025-06-21 18:38:20 [[31merror[39m]: ReferenceError: req is not defined
    at Object.<anonymous> (C:\Users\User\Desktop\Work\Eurasian Medical Journal\server\utils\errorHandler.js:45:1)
    at Module._compile (node:internal/modules/cjs/loader:1358:14)
    at Module._extensions..js (node:internal/modules/cjs/loader:1416:10)
    at Module.load (node:internal/modules/cjs/loader:1208:32)
    at Module._load (node:internal/modules/cjs/loader:1024:12)
    at Module.require (node:internal/modules/cjs/loader:1233:19)
    at require (node:internal/modules/helpers:179:18)
    at Object.<anonymous> (C:\Users\User\Desktop\Work\Eurasian Medical Journal\server\index.js:9:53)
    at Module._compile (node:internal/modules/cjs/loader:1358:14)
    at Module._extensions..js (node:internal/modules/cjs/loader:1416:10)
